<?xml version="1.0" encoding="UTF-8"?>
<testsuite xmlns:xsi="http://www.w3.org/2001/XMLSchema-instance" xsi:noNamespaceSchemaLocation="https://maven.apache.org/surefire/maven-surefire-plugin/xsd/surefire-test-report-3.0.xsd" version="3.0" name="br.unicamp.ic.inf335.aula4.ProdutoBeanTest" time="0.015" tests="5" errors="0" skipped="0" failures="0">
  <properties>
[...]
</properties>
  <testcase name="testCompareToToMaior" classname="br.unicamp.ic.inf335.aula4.ProdutoBeanTest" time="0.002"/>
  <testcase name="testComparteToIgual" classname="br.unicamp.ic.inf335.aula4.ProdutoBeanTest" time="0.001"/>
  <testcase name="testComparteToMenor" classname="br.unicamp.ic.inf335.aula4.ProdutoBeanTest" time="0.001"/>
  <testcase name="testConstrutorCompleto" classname="br.unicamp.ic.inf335.aula4.ProdutoBeanTest" time="0.001"/>
  <testcase name="testGetSet" classname="br.unicamp.ic.inf335.aula4.ProdutoBeanTest" time="0.001"/>
</testsuite>